# Pacotes para serem instalados a partir dos repositórios do Ubuntu
################################################
#
#     GRUB
#
################################################
grub-common
grub-pc-bin
grub-efi
grub-efi-amd64-signed
################################################
#
#     Formatação de disco
#
################################################
gdisk
dosfstools
################################################
#
#     (Des)compactação de arquivo
#
################################################
squashfs-tools
libarchive-tools
################################################
#
#     Drivers e similares
#
################################################
printer-driver-all
################################################
#
#     Utilitários GUI
#
################################################
kwrite
################################################
#
#     Módulos de configuração
#
################################################
# TODO: ver qual puxa o systemsettings
kde-config-ssdm
kde-config-plymouth
kde-config-screenlocker
kde-config-updates
plasma-firewall
system-config-printer-udev
system-config-printer-common
cups-pk-helper
